MPASM 5.70                     CONVERSOR.ASM   1-29-2017  21:02:32         PAGE  1


LOC  OBJECT CODE     LINE SOURCE TEXT
  VALUE

                      00001         List p=16f887
                      00002         #include <p16f887.inc>
                      00001         LIST
                      00002 
                      00003 ;==========================================================================
                      00004 ; Build date : Sep 13 2016
                      00005 ;  MPASM PIC16F887 processor include
                      00006 ; 
                      00007 ;  (c) Copyright 1999-2016 Microchip Technology, All rights reserved
                      00008 ;==========================================================================
                      00009 
                      00810         LIST
2007   20F4           00003         __CONFIG H'2007', H'3FFC' & H'3FF7' & H'3FFF' & H'3FFF' & H'3FFF' & H'3FFF' & H'3CFF' & H'3BFF' 
                            & H'37FF' & H'2FFF' & H'3FFF'
2008   3EFF           00004         __CONFIG H'2008', H'3EFF' & H'3FFF'     
                      00005 
                      00006         
                      00007          
                      00008 ;===============================================================================
                      00009 ;Definicion de las macros para cambiar de bancos
                      00010 BANK0   MACRO
                      00011         BCF STATUS,5
                      00012         BCF STATUS,6
                      00013         ENDM
                      00014 BANK1   MACRO
                      00015         BSF STATUS,5
                      00016         BCF STATUS,6
                      00017         ENDM
                      00018 BANK2   MACRO
                      00019         BCF STATUS,5
                      00020         BSF STATUS,6
                      00021         ENDM
                      00022 BANK3   MACRO
                      00023         BSF STATUS,5
                      00024         BSF STATUS,6
                      00025         ENDM
                      00026 ;===============================================================================
  00000020            00027 RESULTH  EQU 0x20
  00000021            00028 RESULTL  EQU 0x21
  00000022            00029 CONTN    EQU 0x22
  00000048            00030 RESOL    EQU 0x48
  00000025            00031 RESOL2   EQU 0x25
  00000023            00032 MULT     EQU 0x23
  00000024            00033 CARRY    EQU 0x24
  00000025            00034 CONT     EQU 0x25
  00000026            00035 CantRest EQU 0x26  
  00000029            00036 CantRest2 EQU 0x29
  00000027            00037 COMPARADOR EQU 0x27 
  00000028            00038 AJUSTE60 EQU 0x28
  00000030            00039 CIEN    EQU 0x30
  00000031            00040 MIL     EQU 0x31
  00000032            00041 D_MIL   EQU 0x32
  00000033            00042 TABLA   EQU 0x33
MPASM 5.70                     CONVERSOR.ASM   1-29-2017  21:02:32         PAGE  2


LOC  OBJECT CODE     LINE SOURCE TEXT
  VALUE

                      00043 ;VARIABLES PARA LA PANTALLA=====================================================
  00000034            00044 N       EQU 0x34
  00000035            00045 M       EQU 0x35
  00000036            00046 VARP    EQU 0x36
  00000037            00047 Mx      EQU 0x37
  00000038            00048 Nx      EQU 0x38
                      00049 
                      00050  
                      00051         ORG H'0'
0000   2???           00052         GOTO INICIO
                      00053         
                      00054 ;This code block configures the ADC
                      00055 ;for polling, Vdd and Vss as reference, Frc 
                      00056 ;       clock and AN0 input.
                      00057 ;
                      00058 ;Conversion start & polling for completion
                      00059 ; are included.
                      00060 ;
                      00061 
                      00062 
0001                  00063 SampleTime
0001   3007           00064         MOVLW H'7'
0002   00A2           00065         MOVWF CONTN
0003   0BA2           00066         DECFSZ CONTN,F
0004   2???           00067         GOTO $-1
0005   0008           00068         RETURN
                      00069 
0006                  00070 ENTRADAS
0006   0782           00071         ADDWF   PCL,F
0007   34C1           00072         RETLW   B'11000001' 
0008   34C5           00073         RETLW   B'11000101' 
0009   34C9           00074         RETLW   B'11001001'
000A   34CD           00075         RETLW   B'11001101' 
000B   34D1           00076         RETLW   B'11010001'
000C   0008           00077         RETURN
000D                  00078 INICIO
000D   3005           00079         MOVLW H'5'
000E   0233           00080         SUBWF TABLA,W
000F   1D03           00081         BTFSS STATUS,Z
0010   2???           00082         GOTO CONTINUE3
0011   01B3           00083         CLRF TABLA
0012                  00084 CONTINUE3
                      00085         BANK0
0012   1283               M         BCF STATUS,5
0013   1303               M         BCF STATUS,6
0014   01A0           00086         CLRF RESULTH 
0015   01A4           00087         CLRF CARRY
0016   01A1           00088         CLRF RESULTL
0017   01A6           00089         CLRF CantRest
0018   01A9           00090         CLRF CantRest2
0019   01B0           00091         CLRF CIEN
001A   01B1           00092         CLRF MIL
001B   01B2           00093         CLRF D_MIL
MPASM 5.70                     CONVERSOR.ASM   1-29-2017  21:02:32         PAGE  3


LOC  OBJECT CODE     LINE SOURCE TEXT
  VALUE

                      00094         ;CLRF TABLA
001C   0186           00095         CLRF PORTB
001D   0189           00096         CLRF PORTE
                      00097         BANK1
001E   1683               M         BSF STATUS,5
001F   1303               M         BCF STATUS,6
Message[302]: Register in operand not in bank 0.  Ensure that bank bits are correct.
0020   0188           00098         CLRF TRISD ;Salida
Message[302]: Register in operand not in bank 0.  Ensure that bank bits are correct.
0021   0187           00099         CLRF TRISC ;Salida
0022   30FF           00100         MOVLW B'11111111'
Message[302]: Register in operand not in bank 0.  Ensure that bank bits are correct.
0023   0086           00101         MOVWF TRISB
Message[302]: Register in operand not in bank 0.  Ensure that bank bits are correct.
0024   0085           00102         MOVWF TRISA
                      00103 ;================CONFIGURACION DEL CONVERSOR A/D================================
0025                  00104 CONVERSION
0025   3080           00105         MOVLW B'10000000'
Message[302]: Register in operand not in bank 0.  Ensure that bank bits are correct.
0026   009F           00106         MOVWF ADCON1 ;Justificacion a la derecha
                      00107         BANK3
0027   1683               M         BSF STATUS,5
0028   1703               M         BSF STATUS,6
0029   30FF           00108         MOVLW B'11111111'
Message[302]: Register in operand not in bank 0.  Ensure that bank bits are correct.
002A   0088           00109         MOVWF ANSEL ;Bit0 Analogico
Message[302]: Register in operand not in bank 0.  Ensure that bank bits are correct.
002B   0189           00110         CLRF ANSELH
                      00111         BANK0
002C   1283               M         BCF STATUS,5
002D   1303               M         BCF STATUS,6
002E   0833           00112         MOVF TABLA,W
002F   2???           00113         CALL ENTRADAS
0030   009F           00114         MOVWF ADCON0
0031   2???           00115         CALL SampleTime 
0032   149F           00116         BSF ADCON0,GO ;Conversion en progreso
0033   189F           00117         BTFSC ADCON0,GO
0034   2???           00118         GOTO $-1
                      00119         BANK0
0035   1283               M         BCF STATUS,5
0036   1303               M         BCF STATUS,6
0037   081E           00120         MOVF ADRESH,W 
0038   00A0           00121         MOVWF RESULTH
0039   0088           00122         MOVWF PORTD
                      00123         BANK1
003A   1683               M         BSF STATUS,5
003B   1303               M         BCF STATUS,6
Message[302]: Register in operand not in bank 0.  Ensure that bank bits are correct.
003C   081E           00124         MOVF ADRESL,W
                      00125         BANK0
003D   1283               M         BCF STATUS,5
003E   1303               M         BCF STATUS,6
003F   00A1           00126         MOVWF RESULTL
MPASM 5.70                     CONVERSOR.ASM   1-29-2017  21:02:32         PAGE  4


LOC  OBJECT CODE     LINE SOURCE TEXT
  VALUE

0040   0087           00127         MOVWF PORTC
                      00128         ;BLOQUE DE MULTIPLICACION POR 30H
0041   302F           00129         MOVLW .47
0042   00A3           00130         MOVWF MULT
0043   0821           00131         MOVF RESULTL,W
0044   00C8           00132         MOVWF RESOL
0045   0820           00133         MOVF RESULTH,W
0046   00A5           00134         MOVWF RESOL2
0047   0848           00135         MOVF RESOL,W
0048   07A1           00136         ADDWF RESULTL,F
0049   0821           00137         MOVF RESULTL,W
004A   1803           00138         BTFSC STATUS,C
Message[305]: Using default destination of 1 (file).
004B   0AA0           00139         INCF RESULTH
004C   0825           00140         MOVF RESOL2,W
004D   07A0           00141         ADDWF RESULTH,F
004E   0820           00142         MOVF RESULTH,W
Message[305]: Using default destination of 1 (file).
004F   0BA3           00143         DECFSZ MULT
0050   2???           00144         GOTO $-9
0051                  00145 FIN_M   ;FIN DEL BLOQUE DE MULTIPLICACION
0051   0821           00146         MOVF RESULTL,W
0052   0820           00147         MOVF RESULTH,W
0053   300A           00148         MOVLW H'A'
0054   00A7           00149         MOVWF COMPARADOR
0055   30A0           00150         MOVLW H'A0'
0056   00A8           00151         MOVWF AJUSTE60
                      00152         
                      00153         ;RESTO 1
0057                  00154 RESTA   
                      00155 
0057   3001           00156         MOVLW H'1'
0058   02A1           00157         SUBWF RESULTL,F
0059   1C03           00158         BTFSS STATUS,C
005A   02A0           00159         SUBWF RESULTH,F
005B   0820           00160         MOVF RESULTH,W
005C   0821           00161         MOVF RESULTL,W
005D   3000           00162         MOVLW .0
005E   0220           00163         SUBWF RESULTH,W
005F   1D03           00164         BTFSS STATUS,Z
0060   2???           00165         GOTO CONTINUE
0061   3000           00166         MOVLW .0
0062   0221           00167         SUBWF RESULTL,W
0063   1D03           00168         BTFSS STATUS,Z
0064   2???           00169         GOTO CONTINUE
0065   2???           00170         GOTO FIN
0066                  00171 CONTINUE
                      00172         
Message[305]: Using default destination of 1 (file).
0066   0AA6           00173         INCF CantRest
0067   0826           00174         MOVF CantRest,w 
0068   2???           00175         GOTO AJUSTE
                      00176 
MPASM 5.70                     CONVERSOR.ASM   1-29-2017  21:02:32         PAGE  5


LOC  OBJECT CODE     LINE SOURCE TEXT
  VALUE

0069                  00177 AJUSTE
0069   0827           00178         MOVF COMPARADOR,W
006A   0226           00179         SUBWF CantRest,W
006B   1D03           00180         BTFSS STATUS,Z
006C   2???           00181         GOTO RESTA
006D   3006           00182         MOVLW H'6'
006E   07A6           00183         ADDWF CantRest,F
006F   0826           00184         MOVF CantRest,w
0070   300F           00185         MOVLW H'F'
0071   07A7           00186         ADDWF COMPARADOR,F
0072   0AA7           00187         INCF COMPARADOR,F
0073   30A0           00188         MOVLW H'A0'
0074   0226           00189         SUBWF CantRest,W
0075   1D03           00190         BTFSS STATUS,Z
0076   2???           00191         GOTO RESTA
0077   3060           00192         MOVLW H'60'
0078   07A6           00193         ADDWF CantRest,F
0079   0826           00194         MOVF CantRest,W
Message[305]: Using default destination of 1 (file).
007A   0AB0           00195         INCF CIEN
007B   300A           00196         MOVLW H'A'
007C   0230           00197         SUBWF CIEN,W
007D   1D03           00198         BTFSS STATUS,Z
007E   2???           00199         GOTO CONTINUE2
Message[305]: Using default destination of 1 (file).
007F   0AB1           00200         INCF MIL
0080   01B0           00201         CLRF CIEN
0081   300A           00202         MOVLW H'A'
0082   0231           00203         SUBWF MIL,W
0083   1D03           00204         BTFSS STATUS,Z
0084   2???           00205         GOTO CONTINUE2
Message[305]: Using default destination of 1 (file).
0085   0AB2           00206         INCF D_MIL
0086   01B1           00207         CLRF MIL
0087                  00208 CONTINUE2
0087   0830           00209         MOVF CIEN,W
0088   0831           00210         MOVF MIL,W
0089   0832           00211         MOVF D_MIL,W
008A   2???           00212         GOTO FIN_M
                      00213         
008B                  00214 FIN
                      00215         
008B   0832           00216         MOVF D_MIL,W
008C   0831           00217         MOVF MIL,W
008D   0830           00218         MOVF CIEN,W
008E   0826           00219         MOVF CantRest,w
                      00220         
008F   3030           00221         MOVLW H'30'
0090   07B2           00222         ADDWF D_MIL,F
0091   07B1           00223         ADDWF MIL,F
0092   07B0           00224         ADDWF CIEN,F
0093   07A6           00225         ADDWF CantRest,F
                      00226         
MPASM 5.70                     CONVERSOR.ASM   1-29-2017  21:02:32         PAGE  6


LOC  OBJECT CODE     LINE SOURCE TEXT
  VALUE

0094   0832           00227         MOVF D_MIL,W
0095   0831           00228         MOVF MIL,W
0096   0830           00229         MOVF CIEN,W
0097   0826           00230         MOVF CantRest,W
                      00231         
0098   019F           00232         CLRF ADCON0
                      00233         
                      00234         
                      00235 
                      00236         
                      00237 
                      00238 ;===============PROGRAMACION DE LA PANTALLA=====================================
0099                  00239 LCD_INICIAR
0099   2???           00240         CALL LCD_IN
009A   2???           00241         CALL I
009B   2???           00242         CALL NEXT
009C   2???           00243         CALL I2
009D   1C86           00244         BTFSS PORTB,1
009E   2???           00245         GOTO $-1
Message[305]: Using default destination of 1 (file).
009F   0AB3           00246         INCF TABLA
00A0   2???           00247         GOTO INICIO
                      00248 ;TEXTO 1
00A1                  00249 I
00A1   3056           00250         MOVLW 'V'
00A2   0088           00251         MOVWF PORTD
00A3   2???           00252         CALL MANDAR
00A4   3041           00253         MOVLW 'A'
00A5   0088           00254         MOVWF PORTD
00A6   2???           00255         CALL MANDAR
00A7   304C           00256         MOVLW 'L'
00A8   0088           00257         MOVWF PORTD
00A9   2???           00258         CALL MANDAR
00AA   304F           00259         MOVLW 'O'
00AB   0088           00260         MOVWF PORTD
00AC   2???           00261         CALL MANDAR
00AD   3052           00262         MOVLW 'R'
00AE   0088           00263         MOVWF PORTD
00AF   2???           00264         CALL MANDAR
00B0   303A           00265         MOVLW ':'
00B1   0088           00266         MOVWF PORTD
00B2   2???           00267         CALL MANDAR
00B3   3020           00268         MOVLW ' '
00B4   0088           00269         MOVWF PORTD
00B5   2???           00270         CALL MANDAR
00B6   0008           00271         RETURN
                      00272 
                      00273 ; TEXTO 2
                      00274 
00B7                  00275 I2
00B7   0832           00276         MOVF D_MIL,W
00B8   0088           00277         MOVWF PORTD
00B9   2???           00278         CALL MANDAR
MPASM 5.70                     CONVERSOR.ASM   1-29-2017  21:02:32         PAGE  7


LOC  OBJECT CODE     LINE SOURCE TEXT
  VALUE

00BA   302C           00279         MOVLW ','
00BB   0088           00280         MOVWF PORTD
00BC   2???           00281         CALL MANDAR
00BD   0831           00282         MOVF MIL,W
00BE   0088           00283         MOVWF PORTD
00BF   2???           00284         CALL MANDAR
00C0   0830           00285         MOVF CIEN,W
00C1   0088           00286         MOVWF PORTD
00C2   2???           00287         CALL MANDAR
00C3   2???           00288         CALL PAUSA
00C4   0008           00289         RETURN
                      00290 
                      00291 ;=====LCD
00C5                  00292 LCD_IN
00C5   1007           00293         BCF PORTC,0 ;RS = 0
00C6   3001           00294         MOVLW 0x01 ;lIMPIAR PANTALLA
00C7   0088           00295         MOVWF PORTD
00C8   2???           00296         CALL EJECUTA
00C9   300C           00297         MOVLW 0x0C ;1ERA LINEA
00CA   0088           00298         MOVWF PORTD
00CB   2???           00299         CALL EJECUTA
00CC   303C           00300         MOVLW 0x3C ;CONF CURSOR
00CD   0088           00301         MOVWF PORTD
00CE   2???           00302         CALL EJECUTA
00CF   1407           00303         BSF PORTC,0 ; RS = 1
00D0   0008           00304         RETURN
                      00305         
00D1                  00306 EJECUTA
00D1   1487           00307         BSF PORTC,1 ; ENABLE = 1
00D2   2???           00308         CALL DELAY ; TIEMPO DE ESPERA
00D3   2???           00309         CALL DELAY
00D4   1087           00310         BCF PORTC,1 ;ENABLE = 0
00D5   2???           00311         CALL DELAY
00D6   0008           00312         RETURN
                      00313 
00D7                  00314 MANDAR
00D7   1407           00315         BSF PORTC,0 ; RS = 1 MODO DATO
00D8   2???           00316         CALL EJECUTA
00D9   0008           00317         RETURN
                      00318 
00DA                  00319 NEXT
00DA   1007           00320         BCF PORTC,0 ; RS = 0 MODO INST
00DB   300C           00321         MOVLW 0x0C ;2DA LINEA
00DC   0088           00322         MOVWF PORTD
00DD   2???           00323         CALL EJECUTA
00DE   0008           00324         RETURN
                      00325         
00DF                  00326 DELAY
00DF   3030           00327         MOVLW D'48'
00E0   00B5           00328         MOVWF M
00E1                  00329 DOS
00E1   30FF           00330         MOVLW D'255'
00E2   00B4           00331         MOVWF N
MPASM 5.70                     CONVERSOR.ASM   1-29-2017  21:02:32         PAGE  8


LOC  OBJECT CODE     LINE SOURCE TEXT
  VALUE

00E3                  00332 UNO
00E3   0BB4           00333         DECFSZ N,1
00E4   2???           00334         GOTO UNO
00E5   0BB5           00335         DECFSZ M,1
00E6   2???           00336         GOTO DOS
00E7   0008           00337         RETURN
                      00338         
00E8                  00339 PAUSA
00E8   3005           00340         MOVLW D'5'
00E9   00B6           00341         MOVWF VARP
00EA                  00342 TRESx
00EA   3008           00343         MOVLW D'8'
00EB   00B7           00344         MOVWF Mx
00EC                  00345 DOSx
00EC   30FA           00346         MOVLW D'250'
00ED   00B8           00347         MOVWF Nx
00EE                  00348 UNOx
00EE   0000           00349         NOP
00EF   0000           00350         NOP
00F0   0BB8           00351         DECFSZ Nx,1
00F1   2???           00352         GOTO UNOx
00F2   0BB5           00353         DECFSZ M,1
00F3   2???           00354         GOTO DOSx
00F4   0BB6           00355         DECFSZ VARP,1
00F5   2???           00356         GOTO TRESx
00F6   0008           00357         RETURN
                      00358 
20F4 3EFF             00359         END
MPASM 5.70                     CONVERSOR.ASM   1-29-2017  21:02:32         PAGE  9


SYMBOL TABLE
  LABEL                             VALUE 

ABDEN                             00000000
ABDOVF                            00000007
ACKDT                             00000005
ACKEN                             00000004
ACKSTAT                           00000006
ADCON0                            0000001F
ADCON1                            0000009F
ADCS0                             00000006
ADCS1                             00000007
ADDEN                             00000003
ADFM                              00000007
ADIE                              00000006
ADIF                              00000006
ADON                              00000000
ADRESH                            0000001E
ADRESL                            0000009E
AJUSTE                            00000069
AJUSTE60                          00000028
ANS0                              00000000
ANS1                              00000001
ANS10                             00000002
ANS11                             00000003
ANS12                             00000004
ANS13                             00000005
ANS2                              00000002
ANS3                              00000003
ANS4                              00000004
ANS5                              00000005
ANS6                              00000006
ANS7                              00000007
ANS8                              00000000
ANS9                              00000001
ANSEL                             00000188
ANSELH                            00000189
BANK0                             
BANK1                             
BANK2                             
BANK3                             
BAUDCTL                           00000187
BCLIE                             00000003
BCLIF                             00000003
BF                                00000000
BRG0                              00000000
BRG1                              00000001
BRG10                             00000002
BRG11                             00000003
BRG12                             00000004
BRG13                             00000005
BRG14                             00000006
BRG15                             00000007
BRG16                             00000003
BRG2                              00000002
BRG3                              00000003
MPASM 5.70                     CONVERSOR.ASM   1-29-2017  21:02:32         PAGE 10


SYMBOL TABLE
  LABEL                             VALUE 

BRG4                              00000004
BRG5                              00000005
BRG6                              00000006
BRG7                              00000007
BRG8                              00000000
BRG9                              00000001
BRGH                              00000002
C                                 00000000
C1CH0                             00000000
C1CH1                             00000001
C1IE                              00000005
C1IF                              00000005
C1OE                              00000005
C1ON                              00000007
C1OUT                             00000006
C1POL                             00000004
C1R                               00000002
C1RSEL                            00000005
C1SEN                             00000005
C2CH0                             00000000
C2CH1                             00000001
C2IE                              00000006
C2IF                              00000006
C2OE                              00000005
C2ON                              00000007
C2OUT                             00000006
C2POL                             00000004
C2R                               00000002
C2REN                             00000004
C2RSEL                            00000004
C2SYNC                            00000000
CARRY                             00000024
CCP1CON                           00000017
CCP1IE                            00000002
CCP1IF                            00000002
CCP1M0                            00000000
CCP1M1                            00000001
CCP1M2                            00000002
CCP1M3                            00000003
CCP1X                             00000005
CCP1Y                             00000004
CCP2CON                           0000001D
CCP2IE                            00000000
CCP2IF                            00000000
CCP2M0                            00000000
CCP2M1                            00000001
CCP2M2                            00000002
CCP2M3                            00000003
CCP2X                             00000005
CCP2Y                             00000004
CCPR1                             00000015
CCPR1H                            00000016
CCPR1L                            00000015
MPASM 5.70                     CONVERSOR.ASM   1-29-2017  21:02:32         PAGE 11


SYMBOL TABLE
  LABEL                             VALUE 

CCPR2                             0000001B
CCPR2H                            0000001C
CCPR2L                            0000001B
CHS0                              00000002
CHS1                              00000003
CHS2                              00000004
CHS3                              00000005
CIEN                              00000030
CKE                               00000006
CKP                               00000004
CM1CON0                           00000107
CM2CON0                           00000108
CM2CON1                           00000109
COMPARADOR                        00000027
CONT                              00000025
CONTINUE                          00000066
CONTINUE2                         00000087
CONTINUE3                         00000012
CONTN                             00000022
CONVERSION                        00000025
CREN                              00000004
CSRC                              00000007
CantRest                          00000026
CantRest2                         00000029
D                                 00000005
DATA_ADDRESS                      00000005
DC                                00000001
DC1B0                             00000004
DC1B1                             00000005
DC2B0                             00000004
DC2B1                             00000005
DELAY                             000000DF
DOS                               000000E1
DOSx                              000000EC
D_A                               00000005
D_MIL                             00000032
D_NOT_A                           00000005
ECCPAS                            0000009C
ECCPAS0                           00000004
ECCPAS1                           00000005
ECCPAS2                           00000006
ECCPASE                           00000007
EEADR                             0000010D
EEADRH                            0000010F
EECON1                            0000018C
EECON2                            0000018D
EEDAT                             0000010C
EEDATA                            0000010C
EEDATH                            0000010E
EEIE                              00000004
EEIF                              00000004
EEPGD                             00000007
EJECUTA                           000000D1
MPASM 5.70                     CONVERSOR.ASM   1-29-2017  21:02:32         PAGE 12


SYMBOL TABLE
  LABEL                             VALUE 

ENTRADAS                          00000006
F                                 00000001
FERR                              00000002
FIN                               0000008B
FIN_M                             00000051
FSR                               00000004
FVREN                             00000000
GCEN                              00000007
GIE                               00000007
GO                                00000001
GO_DONE                           00000001
GO_NOT_DONE                       00000001
HTS                               00000002
I                                 000000A1
I2                                000000B7
I2C_DATA                          00000005
I2C_READ                          00000002
I2C_START                         00000003
I2C_STOP                          00000004
INDF                              00000000
INICIO                            0000000D
INTCON                            0000000B
INTE                              00000004
INTEDG                            00000006
INTF                              00000001
IOCB                              00000096
IOCB0                             00000000
IOCB1                             00000001
IOCB2                             00000002
IOCB3                             00000003
IOCB4                             00000004
IOCB5                             00000005
IOCB6                             00000006
IOCB7                             00000007
IRCF0                             00000004
IRCF1                             00000005
IRCF2                             00000006
IRP                               00000007
LCD_IN                            000000C5
LCD_INICIAR                       00000099
LTS                               00000001
M                                 00000035
MANDAR                            000000D7
MC1OUT                            00000007
MC2OUT                            00000006
MIL                               00000031
MSK                               00000093
MSK0                              00000000
MSK1                              00000001
MSK2                              00000002
MSK3                              00000003
MSK4                              00000004
MSK5                              00000005
MPASM 5.70                     CONVERSOR.ASM   1-29-2017  21:02:32         PAGE 13


SYMBOL TABLE
  LABEL                             VALUE 

MSK6                              00000006
MSK7                              00000007
MULT                              00000023
Mx                                00000037
N                                 00000034
NEXT                              000000DA
NOT_A                             00000005
NOT_ADDRESS                       00000005
NOT_BO                            00000000
NOT_BOR                           00000000
NOT_DONE                          00000001
NOT_PD                            00000003
NOT_POR                           00000001
NOT_RBPU                          00000007
NOT_RC8                           00000006
NOT_T1SYNC                        00000002
NOT_TO                            00000004
NOT_TX8                           00000006
NOT_W                             00000002
NOT_WRITE                         00000002
Nx                                00000038
OERR                              00000001
OPTION_REG                        00000081
OSCCON                            0000008F
OSCTUNE                           00000090
OSFIE                             00000007
OSFIF                             00000007
OSTS                              00000003
P                                 00000004
P1M0                              00000006
P1M1                              00000007
PAUSA                             000000E8
PCL                               00000002
PCLATH                            0000000A
PCON                              0000008E
PDC0                              00000000
PDC1                              00000001
PDC2                              00000002
PDC3                              00000003
PDC4                              00000004
PDC5                              00000005
PDC6                              00000006
PEIE                              00000006
PEN                               00000002
PIE1                              0000008C
PIE2                              0000008D
PIR1                              0000000C
PIR2                              0000000D
PORTA                             00000005
PORTB                             00000006
PORTC                             00000007
PORTD                             00000008
PORTE                             00000009
MPASM 5.70                     CONVERSOR.ASM   1-29-2017  21:02:32         PAGE 14


SYMBOL TABLE
  LABEL                             VALUE 

PR2                               00000092
PRSEN                             00000007
PS0                               00000000
PS1                               00000001
PS2                               00000002
PSA                               00000003
PSSAC0                            00000002
PSSAC1                            00000003
PSSBD0                            00000000
PSSBD1                            00000001
PSTRCON                           0000009D
PULSR                             00000002
PULSS                             00000003
PWM1CON                           0000009B
R                                 00000002
RA0                               00000000
RA1                               00000001
RA2                               00000002
RA3                               00000003
RA4                               00000004
RA5                               00000005
RA6                               00000006
RA7                               00000007
RB0                               00000000
RB1                               00000001
RB2                               00000002
RB3                               00000003
RB4                               00000004
RB5                               00000005
RB6                               00000006
RB7                               00000007
RBIE                              00000003
RBIF                              00000000
RC0                               00000000
RC1                               00000001
RC2                               00000002
RC3                               00000003
RC4                               00000004
RC5                               00000005
RC6                               00000006
RC7                               00000007
RC8_9                             00000006
RC9                               00000006
RCD8                              00000000
RCEN                              00000003
RCIDL                             00000006
RCIE                              00000005
RCIF                              00000005
RCREG                             0000001A
RCSTA                             00000018
RD                                00000000
RD0                               00000000
RD1                               00000001
MPASM 5.70                     CONVERSOR.ASM   1-29-2017  21:02:32         PAGE 15


SYMBOL TABLE
  LABEL                             VALUE 

RD2                               00000002
RD3                               00000003
RD4                               00000004
RD5                               00000005
RD6                               00000006
RD7                               00000007
RE0                               00000000
RE1                               00000001
RE2                               00000002
RE3                               00000003
READ_WRITE                        00000002
RESOL                             00000048
RESOL2                            00000025
RESTA                             00000057
RESULTH                           00000020
RESULTL                           00000021
RP0                               00000005
RP1                               00000006
RSEN                              00000001
RX9                               00000006
RX9D                              00000000
R_NOT_W                           00000002
R_W                               00000002
S                                 00000003
SBOREN                            00000004
SCKP                              00000004
SCS                               00000000
SEN                               00000000
SENDB                             00000003
SMP                               00000007
SPBRG                             00000099
SPBRGH                            0000009A
SPEN                              00000007
SR0                               00000006
SR1                               00000007
SRCON                             00000185
SREN                              00000005
SSPADD                            00000093
SSPBUF                            00000013
SSPCON                            00000014
SSPCON2                           00000091
SSPEN                             00000005
SSPIE                             00000003
SSPIF                             00000003
SSPM0                             00000000
SSPM1                             00000001
SSPM2                             00000002
SSPM3                             00000003
SSPMSK                            00000093
SSPOV                             00000006
SSPSTAT                           00000094
STATUS                            00000003
STRA                              00000000
MPASM 5.70                     CONVERSOR.ASM   1-29-2017  21:02:32         PAGE 16


SYMBOL TABLE
  LABEL                             VALUE 

STRB                              00000001
STRC                              00000002
STRD                              00000003
STRSYNC                           00000004
SWDTEN                            00000000
SYNC                              00000004
SampleTime                        00000001
T0CS                              00000005
T0IE                              00000005
T0IF                              00000002
T0SE                              00000004
T1CKPS0                           00000004
T1CKPS1                           00000005
T1CON                             00000010
T1GINV                            00000007
T1GIV                             00000007
T1GSS                             00000001
T1INSYNC                          00000002
T1OSCEN                           00000003
T1SYNC                            00000002
T2CKPS0                           00000000
T2CKPS1                           00000001
T2CON                             00000012
TABLA                             00000033
TMR0                              00000001
TMR0IE                            00000005
TMR0IF                            00000002
TMR1                              0000000E
TMR1CS                            00000001
TMR1GE                            00000006
TMR1H                             0000000F
TMR1IE                            00000000
TMR1IF                            00000000
TMR1L                             0000000E
TMR1ON                            00000000
TMR2                              00000011
TMR2IE                            00000001
TMR2IF                            00000001
TMR2ON                            00000002
TOUTPS0                           00000003
TOUTPS1                           00000004
TOUTPS2                           00000005
TOUTPS3                           00000006
TRESx                             000000EA
TRISA                             00000085
TRISA0                            00000000
TRISA1                            00000001
TRISA2                            00000002
TRISA3                            00000003
TRISA4                            00000004
TRISA5                            00000005
TRISA6                            00000006
TRISA7                            00000007
MPASM 5.70                     CONVERSOR.ASM   1-29-2017  21:02:32         PAGE 17


SYMBOL TABLE
  LABEL                             VALUE 

TRISB                             00000086
TRISB0                            00000000
TRISB1                            00000001
TRISB2                            00000002
TRISB3                            00000003
TRISB4                            00000004
TRISB5                            00000005
TRISB6                            00000006
TRISB7                            00000007
TRISC                             00000087
TRISC0                            00000000
TRISC1                            00000001
TRISC2                            00000002
TRISC3                            00000003
TRISC4                            00000004
TRISC5                            00000005
TRISC6                            00000006
TRISC7                            00000007
TRISD                             00000088
TRISD0                            00000000
TRISD1                            00000001
TRISD2                            00000002
TRISD3                            00000003
TRISD4                            00000004
TRISD5                            00000005
TRISD6                            00000006
TRISD7                            00000007
TRISE                             00000089
TRISE0                            00000000
TRISE1                            00000001
TRISE2                            00000002
TRISE3                            00000003
TRMT                              00000001
TUN0                              00000000
TUN1                              00000001
TUN2                              00000002
TUN3                              00000003
TUN4                              00000004
TX8_9                             00000006
TX9                               00000006
TX9D                              00000000
TXD8                              00000000
TXEN                              00000005
TXIE                              00000004
TXIF                              00000004
TXREG                             00000019
TXSTA                             00000098
UA                                00000001
ULPWUE                            00000005
ULPWUIE                           00000002
ULPWUIF                           00000002
UNO                               000000E3
UNOx                              000000EE
MPASM 5.70                     CONVERSOR.ASM   1-29-2017  21:02:32         PAGE 18


SYMBOL TABLE
  LABEL                             VALUE 

VARP                              00000036
VCFG0                             00000004
VCFG1                             00000005
VR0                               00000000
VR1                               00000001
VR2                               00000002
VR3                               00000003
VRCON                             00000097
VREN                              00000007
VROE                              00000006
VRR                               00000005
VRSS                              00000004
W                                 00000000
WCOL                              00000007
WDTCON                            00000105
WDTPS0                            00000001
WDTPS1                            00000002
WDTPS2                            00000003
WDTPS3                            00000004
WPUB                              00000095
WPUB0                             00000000
WPUB1                             00000001
WPUB2                             00000002
WPUB3                             00000003
WPUB4                             00000004
WPUB5                             00000005
WPUB6                             00000006
WPUB7                             00000007
WR                                00000001
WREN                              00000002
WRERR                             00000003
WUE                               00000001
Z                                 00000002
_.org_0_0004                      00000004
_.org_0_0034                      00000034
_.org_0_0050                      00000050
_.org_0_009E                      0000009E
_BOR21V                           00003EFF
_BOR40V                           00003FFF
_BOR4V_BOR21V                     00003EFF
_BOR4V_BOR40V                     00003FFF
_BOREN_NSLEEP                     00003EFF
_BOREN_OFF                        00003CFF
_BOREN_ON                         00003FFF
_BOREN_SBODEN                     00003DFF
_BOR_NSLEEP                       00003EFF
_BOR_OFF                          00003CFF
_BOR_ON                           00003FFF
_BOR_SBODEN                       00003DFF
_CONFIG1                          00002007
_CONFIG2                          00002008
_CPD_OFF                          00003FFF
_CPD_ON                           00003F7F
MPASM 5.70                     CONVERSOR.ASM   1-29-2017  21:02:32         PAGE 19


SYMBOL TABLE
  LABEL                             VALUE 

_CP_OFF                           00003FFF
_CP_ON                            00003FBF
_DEBUG_OFF                        00003FFF
_DEBUG_ON                         00001FFF
_DEVID1                           00002006
_EC_OSC                           00003FFB
_EXTRC                            00003FFF
_EXTRCIO                          00003FFE
_EXTRC_OSC_CLKOUT                 00003FFF
_EXTRC_OSC_NOCLKOUT               00003FFE
_FCMEN_OFF                        000037FF
_FCMEN_ON                         00003FFF
_FOSC_EC                          00003FFB
_FOSC_EXTRC_CLKOUT                00003FFF
_FOSC_EXTRC_NOCLKOUT              00003FFE
_FOSC_HS                          00003FFA
_FOSC_INTRC_CLKOUT                00003FFD
_FOSC_INTRC_NOCLKOUT              00003FFC
_FOSC_LP                          00003FF8
_FOSC_XT                          00003FF9
_HS_OSC                           00003FFA
_IDLOC0                           00002000
_IDLOC1                           00002001
_IDLOC2                           00002002
_IDLOC3                           00002003
_IESO_OFF                         00003BFF
_IESO_ON                          00003FFF
_INTOSC                           00003FFD
_INTOSCIO                         00003FFC
_INTRC_OSC_CLKOUT                 00003FFD
_INTRC_OSC_NOCLKOUT               00003FFC
_LP_OSC                           00003FF8
_LVP_OFF                          00002FFF
_LVP_ON                           00003FFF
_MCLRE_OFF                        00003FDF
_MCLRE_ON                         00003FFF
_PWRTE_OFF                        00003FFF
_PWRTE_ON                         00003FEF
_WDTE_OFF                         00003FF7
_WDTE_ON                          00003FFF
_WDT_OFF                          00003FF7
_WDT_ON                           00003FFF
_WRT_1FOURTH                      00003BFF
_WRT_256                          00003DFF
_WRT_HALF                         000039FF
_WRT_OFF                          00003FFF
_XT_OSC                           00003FF9
__16F887                          00000001

Errors   :     0
Warnings :     0 reported,     0 suppressed
Messages :    15 reported,     0 suppressed

